e:\code\newworld\uehome\deltaforce-uedump\uedump\x64\release\vc143.pdb
e:\code\newworld\uehome\deltaforce-uedump\uedump\x64\release\main.obj
e:\code\newworld\uehome\deltaforce-uedump\uedump\x64\release\pch.obj
e:\code\newworld\uehome\deltaforce-uedump\uedump\x64\release\shellcode.obj
e:\code\newworld\uehome\deltaforce-uedump\uedump\x64\release\registry.obj
e:\code\newworld\uehome\deltaforce-uedump\uedump\x64\release\memory.obj
e:\code\newworld\uehome\deltaforce-uedump\uedump\x64\release\inputmanager.obj
e:\code\newworld\uehome\deltaforce-uedump\uedump\x64\release\process.obj
e:\code\newworld\uehome\deltaforce-uedump\uedump\x64\release\engine.obj
e:\code\newworld\uehome\deltaforce-uedump\x64\release\uedump.exe
e:\code\newworld\uehome\deltaforce-uedump\x64\release\uedump.pdb
e:\code\newworld\uehome\deltaforce-uedump\uedump\x64\release\uedump.ipdb
e:\code\newworld\uehome\deltaforce-uedump\uedump\x64\release\uedump.iobj
e:\code\newworld\uehome\deltaforce-uedump\uedump\x64\release\uedump.obj
e:\code\newworld\uehome\deltaforce-uedump\uedump\x64\release\uedump.tlog\cl.command.1.tlog
e:\code\newworld\uehome\deltaforce-uedump\uedump\x64\release\uedump.tlog\cl.items.tlog
e:\code\newworld\uehome\deltaforce-uedump\uedump\x64\release\uedump.tlog\cl.read.1.tlog
e:\code\newworld\uehome\deltaforce-uedump\uedump\x64\release\uedump.tlog\cl.write.1.tlog
e:\code\newworld\uehome\deltaforce-uedump\uedump\x64\release\uedump.tlog\link.command.1.tlog
e:\code\newworld\uehome\deltaforce-uedump\uedump\x64\release\uedump.tlog\link.read.1.tlog
e:\code\newworld\uehome\deltaforce-uedump\uedump\x64\release\uedump.tlog\link.secondary.1.tlog
e:\code\newworld\uehome\deltaforce-uedump\uedump\x64\release\uedump.tlog\link.write.1.tlog
