  Engine.cpp
E:\Code\NewWorld\UEHOME\DeltaForce-UEDUMP\Include\FPGA\libs\leechcore.h(124,11): warning C4200: 使用了非标准扩展: 结构/联合中的零大小数组
E:\Code\NewWorld\UEHOME\DeltaForce-UEDUMP\Include\FPGA\libs\leechcore.h(124,11): message : 默认构造函数或 copy/move 赋值运算符将忽略此成员
E:\Code\NewWorld\UEHOME\DeltaForce-UEDUMP\Include\FPGA\libs\leechcore.h(491,10): warning C4200: 使用了非标准扩展: 结构/联合中的零大小数组
E:\Code\NewWorld\UEHOME\DeltaForce-UEDUMP\Include\FPGA\libs\leechcore.h(491,10): message : 默认构造函数或 copy/move 赋值运算符将忽略此成员
E:\Code\NewWorld\UEHOME\DeltaForce-UEDUMP\Include\FPGA\libs\leechcore.h(500,10): warning C4200: 使用了非标准扩展: 结构/联合中的零大小数组
E:\Code\NewWorld\UEHOME\DeltaForce-UEDUMP\Include\FPGA\libs\leechcore.h(500,10): message : 默认构造函数或 copy/move 赋值运算符将忽略此成员
E:\Code\NewWorld\UEHOME\DeltaForce-UEDUMP\Include\FPGA\libs\vmmdll.h(394,35): warning C4200: 使用了非标准扩展: 结构/联合中的零大小数组
E:\Code\NewWorld\UEHOME\DeltaForce-UEDUMP\Include\FPGA\libs\vmmdll.h(394,35): message : 默认构造函数或 copy/move 赋值运算符将忽略此成员
E:\Code\NewWorld\UEHOME\DeltaForce-UEDUMP\Include\FPGA\libs\vmmdll.h(1456,25): warning C4200: 使用了非标准扩展: 结构/联合中的零大小数组
E:\Code\NewWorld\UEHOME\DeltaForce-UEDUMP\Include\FPGA\libs\vmmdll.h(1456,25): message : 默认构造函数或 copy/move 赋值运算符将忽略此成员
E:\Code\NewWorld\UEHOME\DeltaForce-UEDUMP\Include\FPGA\libs\vmmdll.h(1466,25): warning C4200: 使用了非标准扩展: 结构/联合中的零大小数组
E:\Code\NewWorld\UEHOME\DeltaForce-UEDUMP\Include\FPGA\libs\vmmdll.h(1466,25): message : 默认构造函数或 copy/move 赋值运算符将忽略此成员
E:\Code\NewWorld\UEHOME\DeltaForce-UEDUMP\Include\FPGA\libs\vmmdll.h(1473,27): warning C4200: 使用了非标准扩展: 结构/联合中的零大小数组
E:\Code\NewWorld\UEHOME\DeltaForce-UEDUMP\Include\FPGA\libs\vmmdll.h(1473,27): message : 默认构造函数或 copy/move 赋值运算符将忽略此成员
E:\Code\NewWorld\UEHOME\DeltaForce-UEDUMP\Include\FPGA\libs\vmmdll.h(1482,28): warning C4200: 使用了非标准扩展: 结构/联合中的零大小数组
E:\Code\NewWorld\UEHOME\DeltaForce-UEDUMP\Include\FPGA\libs\vmmdll.h(1482,28): message : 默认构造函数或 copy/move 赋值运算符将忽略此成员
E:\Code\NewWorld\UEHOME\DeltaForce-UEDUMP\Include\FPGA\libs\vmmdll.h(1491,36): warning C4200: 使用了非标准扩展: 结构/联合中的零大小数组
E:\Code\NewWorld\UEHOME\DeltaForce-UEDUMP\Include\FPGA\libs\vmmdll.h(1491,36): message : 默认构造函数或 copy/move 赋值运算符将忽略此成员
E:\Code\NewWorld\UEHOME\DeltaForce-UEDUMP\Include\FPGA\libs\vmmdll.h(1507,25): warning C4200: 使用了非标准扩展: 结构/联合中的零大小数组
E:\Code\NewWorld\UEHOME\DeltaForce-UEDUMP\Include\FPGA\libs\vmmdll.h(1507,25): message : 默认构造函数或 copy/move 赋值运算符将忽略此成员
E:\Code\NewWorld\UEHOME\DeltaForce-UEDUMP\Include\FPGA\libs\vmmdll.h(1517,25): warning C4200: 使用了非标准扩展: 结构/联合中的零大小数组
E:\Code\NewWorld\UEHOME\DeltaForce-UEDUMP\Include\FPGA\libs\vmmdll.h(1517,25): message : 默认构造函数或 copy/move 赋值运算符将忽略此成员
E:\Code\NewWorld\UEHOME\DeltaForce-UEDUMP\Include\FPGA\libs\vmmdll.h(1526,26): warning C4200: 使用了非标准扩展: 结构/联合中的零大小数组
E:\Code\NewWorld\UEHOME\DeltaForce-UEDUMP\Include\FPGA\libs\vmmdll.h(1526,26): message : 默认构造函数或 copy/move 赋值运算符将忽略此成员
E:\Code\NewWorld\UEHOME\DeltaForce-UEDUMP\Include\FPGA\libs\vmmdll.h(1534,31): warning C4200: 使用了非标准扩展: 结构/联合中的零大小数组
E:\Code\NewWorld\UEHOME\DeltaForce-UEDUMP\Include\FPGA\libs\vmmdll.h(1534,31): message : 默认构造函数或 copy/move 赋值运算符将忽略此成员
E:\Code\NewWorld\UEHOME\DeltaForce-UEDUMP\Include\FPGA\libs\vmmdll.h(1541,28): warning C4200: 使用了非标准扩展: 结构/联合中的零大小数组
E:\Code\NewWorld\UEHOME\DeltaForce-UEDUMP\Include\FPGA\libs\vmmdll.h(1541,28): message : 默认构造函数或 copy/move 赋值运算符将忽略此成员
E:\Code\NewWorld\UEHOME\DeltaForce-UEDUMP\Include\FPGA\libs\vmmdll.h(1550,28): warning C4200: 使用了非标准扩展: 结构/联合中的零大小数组
E:\Code\NewWorld\UEHOME\DeltaForce-UEDUMP\Include\FPGA\libs\vmmdll.h(1550,28): message : 默认构造函数或 copy/move 赋值运算符将忽略此成员
E:\Code\NewWorld\UEHOME\DeltaForce-UEDUMP\Include\FPGA\libs\vmmdll.h(1561,26): warning C4200: 使用了非标准扩展: 结构/联合中的零大小数组
E:\Code\NewWorld\UEHOME\DeltaForce-UEDUMP\Include\FPGA\libs\vmmdll.h(1561,26): message : 默认构造函数或 copy/move 赋值运算符将忽略此成员
E:\Code\NewWorld\UEHOME\DeltaForce-UEDUMP\Include\FPGA\libs\vmmdll.h(1570,25): warning C4200: 使用了非标准扩展: 结构/联合中的零大小数组
E:\Code\NewWorld\UEHOME\DeltaForce-UEDUMP\Include\FPGA\libs\vmmdll.h(1570,25): message : 默认构造函数或 copy/move 赋值运算符将忽略此成员
E:\Code\NewWorld\UEHOME\DeltaForce-UEDUMP\Include\FPGA\libs\vmmdll.h(1578,29): warning C4200: 使用了非标准扩展: 结构/联合中的零大小数组
E:\Code\NewWorld\UEHOME\DeltaForce-UEDUMP\Include\FPGA\libs\vmmdll.h(1578,29): message : 默认构造函数或 copy/move 赋值运算符将忽略此成员
E:\Code\NewWorld\UEHOME\DeltaForce-UEDUMP\Include\FPGA\libs\vmmdll.h(1587,26): warning C4200: 使用了非标准扩展: 结构/联合中的零大小数组
E:\Code\NewWorld\UEHOME\DeltaForce-UEDUMP\Include\FPGA\libs\vmmdll.h(1587,26): message : 默认构造函数或 copy/move 赋值运算符将忽略此成员
E:\Code\NewWorld\UEHOME\DeltaForce-UEDUMP\Include\FPGA\libs\vmmdll.h(1596,24): warning C4200: 使用了非标准扩展: 结构/联合中的零大小数组
E:\Code\NewWorld\UEHOME\DeltaForce-UEDUMP\Include\FPGA\libs\vmmdll.h(1596,24): message : 默认构造函数或 copy/move 赋值运算符将忽略此成员
E:\Code\NewWorld\UEHOME\DeltaForce-UEDUMP\Include\FPGA\libs\vmmdll.h(1605,29): warning C4200: 使用了非标准扩展: 结构/联合中的零大小数组
E:\Code\NewWorld\UEHOME\DeltaForce-UEDUMP\Include\FPGA\libs\vmmdll.h(1605,29): message : 默认构造函数或 copy/move 赋值运算符将忽略此成员
E:\Code\NewWorld\UEHOME\DeltaForce-UEDUMP\Include\FPGA\libs\vmmdll.h(2140,25): warning C4200: 使用了非标准扩展: 结构/联合中的零大小数组
E:\Code\NewWorld\UEHOME\DeltaForce-UEDUMP\Include\FPGA\libs\vmmdll.h(2140,25): message : 默认构造函数或 copy/move 赋值运算符将忽略此成员
E:\Code\NewWorld\UEHOME\DeltaForce-UEDUMP\Code\Core\GName.h(315,39): warning C4244: “初始化”: 从“UINT64”转换到“unsigned int”，可能丢失数据
E:\Code\NewWorld\UEHOME\DeltaForce-UEDUMP\Code\Core\GName.h(315,34): warning C4244: “初始化”: 从“UINT64”转换到“const unsigned int”，可能丢失数据
E:\Code\NewWorld\UEHOME\DeltaForce-UEDUMP\Code\Core\GName.h(316,51): warning C4244: “初始化”: 从“UINT64”转换到“unsigned int”，可能丢失数据
E:\Code\NewWorld\UEHOME\DeltaForce-UEDUMP\Code\Core\GName.h(316,33): warning C4244: “初始化”: 从“UINT64”转换到“const unsigned int”，可能丢失数据
E:\Code\NewWorld\UEHOME\DeltaForce-UEDUMP\Code\Core\GName.h(408,32): warning C4267: “参数”: 从“size_t”转换到“int”，可能丢失数据
E:\Code\NewWorld\UEHOME\DeltaForce-UEDUMP\Code\Core\GObject.h(54,11): warning C4477: “printf”: 格式字符串“%d”需要类型“int”的参数，但可变参数 1 拥有了类型“size_t”
E:\Code\NewWorld\UEHOME\DeltaForce-UEDUMP\Code\Core\GObject.h(54,11): message : 请考虑在格式字符串中使用“%zd”
E:\Code\NewWorld\UEHOME\DeltaForce-UEDUMP\Code\Core\GObject.h(73,12): warning C4477: “printf”: 格式字符串“%p”需要类型“void *”的参数，但可变参数 1 拥有了类型“T”
          with
          [
              T=UINT64
          ]
E:\Code\NewWorld\UEHOME\DeltaForce-UEDUMP\Code\Core\GObject.h(93,13): warning C4477: “printf”: 格式字符串“%d”需要类型“int”的参数，但可变参数 2 拥有了类型“size_t”
E:\Code\NewWorld\UEHOME\DeltaForce-UEDUMP\Code\Core\GObject.h(93,13): message : 请考虑在格式字符串中使用“%zd”
E:\Code\NewWorld\UEHOME\DeltaForce-UEDUMP\Code\Core\GObject.h(93,13): warning C4477: “printf”: 格式字符串“%d”需要类型“int”的参数，但可变参数 3 拥有了类型“UINT64”
E:\Code\NewWorld\UEHOME\DeltaForce-UEDUMP\Code\Core\GObject.h(93,13): message : 请考虑在格式字符串中使用“%lld”
E:\Code\NewWorld\UEHOME\DeltaForce-UEDUMP\Code\Core\GObject.h(93,13): message : 请考虑在格式字符串中使用“%Id”
E:\Code\NewWorld\UEHOME\DeltaForce-UEDUMP\Code\Core\GObject.h(93,13): message : 请考虑在格式字符串中使用“%I64d”
E:\Code\NewWorld\UEHOME\DeltaForce-UEDUMP\Code\Core\GObject.h(97,13): warning C4477: “printf”: 格式字符串“%d”需要类型“int”的参数，但可变参数 2 拥有了类型“size_t”
E:\Code\NewWorld\UEHOME\DeltaForce-UEDUMP\Code\Core\GObject.h(97,13): message : 请考虑在格式字符串中使用“%zd”
E:\Code\NewWorld\UEHOME\DeltaForce-UEDUMP\Code\Core\GObject.h(97,13): warning C4477: “printf”: 格式字符串“%d”需要类型“int”的参数，但可变参数 3 拥有了类型“UINT64”
E:\Code\NewWorld\UEHOME\DeltaForce-UEDUMP\Code\Core\GObject.h(97,13): message : 请考虑在格式字符串中使用“%lld”
E:\Code\NewWorld\UEHOME\DeltaForce-UEDUMP\Code\Core\GObject.h(97,13): message : 请考虑在格式字符串中使用“%Id”
E:\Code\NewWorld\UEHOME\DeltaForce-UEDUMP\Code\Core\GObject.h(97,13): message : 请考虑在格式字符串中使用“%I64d”
E:\Code\NewWorld\UEHOME\DeltaForce-UEDUMP\Code\Core\GObject.h(126,12): warning C4477: “printf”: 格式字符串“%d”需要类型“int”的参数，但可变参数 1 拥有了类型“unsigned __int64”
E:\Code\NewWorld\UEHOME\DeltaForce-UEDUMP\Code\Core\GObject.h(126,12): message : 请考虑在格式字符串中使用“%zd”
E:\Code\NewWorld\UEHOME\DeltaForce-UEDUMP\Code\Core\GObject.h(126,12): warning C4477: “printf”: 格式字符串“%d”需要类型“int”的参数，但可变参数 3 拥有了类型“unsigned __int64”
E:\Code\NewWorld\UEHOME\DeltaForce-UEDUMP\Code\Core\GObject.h(126,12): message : 请考虑在格式字符串中使用“%zd”
E:\Code\NewWorld\UEHOME\DeltaForce-UEDUMP\Code\Core\GObject.h(140,11): warning C4477: “printf”: 格式字符串“%d”需要类型“int”的参数，但可变参数 2 拥有了类型“unsigned __int64”
E:\Code\NewWorld\UEHOME\DeltaForce-UEDUMP\Code\Core\GObject.h(140,11): message : 请考虑在格式字符串中使用“%zd”
E:\Code\NewWorld\UEHOME\DeltaForce-UEDUMP\Code\Core\GObject.h(480,10): warning C4477: “printf”: 格式字符串“%d”需要类型“int”的参数，但可变参数 1 拥有了类型“UINT64”
E:\Code\NewWorld\UEHOME\DeltaForce-UEDUMP\Code\Core\GObject.h(480,10): message : 请考虑在格式字符串中使用“%lld”
E:\Code\NewWorld\UEHOME\DeltaForce-UEDUMP\Code\Core\GObject.h(480,10): message : 请考虑在格式字符串中使用“%Id”
E:\Code\NewWorld\UEHOME\DeltaForce-UEDUMP\Code\Core\GObject.h(480,10): message : 请考虑在格式字符串中使用“%I64d”
E:\Code\NewWorld\UEHOME\DeltaForce-UEDUMP\Code\Core\GObject.h(481,10): warning C4477: “printf”: 格式字符串“%d”需要类型“int”的参数，但可变参数 1 拥有了类型“UINT64”
E:\Code\NewWorld\UEHOME\DeltaForce-UEDUMP\Code\Core\GObject.h(481,10): message : 请考虑在格式字符串中使用“%lld”
E:\Code\NewWorld\UEHOME\DeltaForce-UEDUMP\Code\Core\GObject.h(481,10): message : 请考虑在格式字符串中使用“%Id”
E:\Code\NewWorld\UEHOME\DeltaForce-UEDUMP\Code\Core\GObject.h(481,10): message : 请考虑在格式字符串中使用“%I64d”
E:\Code\NewWorld\UEHOME\DeltaForce-UEDUMP\Code\Core\GObject.h(482,10): warning C4477: “printf”: 格式字符串“%d”需要类型“int”的参数，但可变参数 1 拥有了类型“UINT64”
E:\Code\NewWorld\UEHOME\DeltaForce-UEDUMP\Code\Core\GObject.h(482,10): message : 请考虑在格式字符串中使用“%lld”
E:\Code\NewWorld\UEHOME\DeltaForce-UEDUMP\Code\Core\GObject.h(482,10): message : 请考虑在格式字符串中使用“%Id”
E:\Code\NewWorld\UEHOME\DeltaForce-UEDUMP\Code\Core\GObject.h(482,10): message : 请考虑在格式字符串中使用“%I64d”
E:\Code\NewWorld\UEHOME\DeltaForce-UEDUMP\Code\Core\GObject.h(483,10): warning C4477: “printf”: 格式字符串“%d”需要类型“int”的参数，但可变参数 1 拥有了类型“UINT64”
E:\Code\NewWorld\UEHOME\DeltaForce-UEDUMP\Code\Core\GObject.h(483,10): message : 请考虑在格式字符串中使用“%lld”
E:\Code\NewWorld\UEHOME\DeltaForce-UEDUMP\Code\Core\GObject.h(483,10): message : 请考虑在格式字符串中使用“%Id”
E:\Code\NewWorld\UEHOME\DeltaForce-UEDUMP\Code\Core\GObject.h(483,10): message : 请考虑在格式字符串中使用“%I64d”
  Main.cpp
E:\Code\NewWorld\UEHOME\DeltaForce-UEDUMP\Include\FPGA\libs\leechcore.h(124,11): warning C4200: 使用了非标准扩展: 结构/联合中的零大小数组
E:\Code\NewWorld\UEHOME\DeltaForce-UEDUMP\Include\FPGA\libs\leechcore.h(124,11): message : 默认构造函数或 copy/move 赋值运算符将忽略此成员
E:\Code\NewWorld\UEHOME\DeltaForce-UEDUMP\Include\FPGA\libs\leechcore.h(491,10): warning C4200: 使用了非标准扩展: 结构/联合中的零大小数组
E:\Code\NewWorld\UEHOME\DeltaForce-UEDUMP\Include\FPGA\libs\leechcore.h(491,10): message : 默认构造函数或 copy/move 赋值运算符将忽略此成员
E:\Code\NewWorld\UEHOME\DeltaForce-UEDUMP\Include\FPGA\libs\leechcore.h(500,10): warning C4200: 使用了非标准扩展: 结构/联合中的零大小数组
E:\Code\NewWorld\UEHOME\DeltaForce-UEDUMP\Include\FPGA\libs\leechcore.h(500,10): message : 默认构造函数或 copy/move 赋值运算符将忽略此成员
E:\Code\NewWorld\UEHOME\DeltaForce-UEDUMP\Include\FPGA\libs\vmmdll.h(394,35): warning C4200: 使用了非标准扩展: 结构/联合中的零大小数组
E:\Code\NewWorld\UEHOME\DeltaForce-UEDUMP\Include\FPGA\libs\vmmdll.h(394,35): message : 默认构造函数或 copy/move 赋值运算符将忽略此成员
E:\Code\NewWorld\UEHOME\DeltaForce-UEDUMP\Include\FPGA\libs\vmmdll.h(1456,25): warning C4200: 使用了非标准扩展: 结构/联合中的零大小数组
E:\Code\NewWorld\UEHOME\DeltaForce-UEDUMP\Include\FPGA\libs\vmmdll.h(1456,25): message : 默认构造函数或 copy/move 赋值运算符将忽略此成员
E:\Code\NewWorld\UEHOME\DeltaForce-UEDUMP\Include\FPGA\libs\vmmdll.h(1466,25): warning C4200: 使用了非标准扩展: 结构/联合中的零大小数组
E:\Code\NewWorld\UEHOME\DeltaForce-UEDUMP\Include\FPGA\libs\vmmdll.h(1466,25): message : 默认构造函数或 copy/move 赋值运算符将忽略此成员
E:\Code\NewWorld\UEHOME\DeltaForce-UEDUMP\Include\FPGA\libs\vmmdll.h(1473,27): warning C4200: 使用了非标准扩展: 结构/联合中的零大小数组
E:\Code\NewWorld\UEHOME\DeltaForce-UEDUMP\Include\FPGA\libs\vmmdll.h(1473,27): message : 默认构造函数或 copy/move 赋值运算符将忽略此成员
E:\Code\NewWorld\UEHOME\DeltaForce-UEDUMP\Include\FPGA\libs\vmmdll.h(1482,28): warning C4200: 使用了非标准扩展: 结构/联合中的零大小数组
E:\Code\NewWorld\UEHOME\DeltaForce-UEDUMP\Include\FPGA\libs\vmmdll.h(1482,28): message : 默认构造函数或 copy/move 赋值运算符将忽略此成员
E:\Code\NewWorld\UEHOME\DeltaForce-UEDUMP\Include\FPGA\libs\vmmdll.h(1491,36): warning C4200: 使用了非标准扩展: 结构/联合中的零大小数组
E:\Code\NewWorld\UEHOME\DeltaForce-UEDUMP\Include\FPGA\libs\vmmdll.h(1491,36): message : 默认构造函数或 copy/move 赋值运算符将忽略此成员
E:\Code\NewWorld\UEHOME\DeltaForce-UEDUMP\Include\FPGA\libs\vmmdll.h(1507,25): warning C4200: 使用了非标准扩展: 结构/联合中的零大小数组
E:\Code\NewWorld\UEHOME\DeltaForce-UEDUMP\Include\FPGA\libs\vmmdll.h(1507,25): message : 默认构造函数或 copy/move 赋值运算符将忽略此成员
E:\Code\NewWorld\UEHOME\DeltaForce-UEDUMP\Include\FPGA\libs\vmmdll.h(1517,25): warning C4200: 使用了非标准扩展: 结构/联合中的零大小数组
E:\Code\NewWorld\UEHOME\DeltaForce-UEDUMP\Include\FPGA\libs\vmmdll.h(1517,25): message : 默认构造函数或 copy/move 赋值运算符将忽略此成员
E:\Code\NewWorld\UEHOME\DeltaForce-UEDUMP\Include\FPGA\libs\vmmdll.h(1526,26): warning C4200: 使用了非标准扩展: 结构/联合中的零大小数组
E:\Code\NewWorld\UEHOME\DeltaForce-UEDUMP\Include\FPGA\libs\vmmdll.h(1526,26): message : 默认构造函数或 copy/move 赋值运算符将忽略此成员
E:\Code\NewWorld\UEHOME\DeltaForce-UEDUMP\Include\FPGA\libs\vmmdll.h(1534,31): warning C4200: 使用了非标准扩展: 结构/联合中的零大小数组
E:\Code\NewWorld\UEHOME\DeltaForce-UEDUMP\Include\FPGA\libs\vmmdll.h(1534,31): message : 默认构造函数或 copy/move 赋值运算符将忽略此成员
E:\Code\NewWorld\UEHOME\DeltaForce-UEDUMP\Include\FPGA\libs\vmmdll.h(1541,28): warning C4200: 使用了非标准扩展: 结构/联合中的零大小数组
E:\Code\NewWorld\UEHOME\DeltaForce-UEDUMP\Include\FPGA\libs\vmmdll.h(1541,28): message : 默认构造函数或 copy/move 赋值运算符将忽略此成员
E:\Code\NewWorld\UEHOME\DeltaForce-UEDUMP\Include\FPGA\libs\vmmdll.h(1550,28): warning C4200: 使用了非标准扩展: 结构/联合中的零大小数组
E:\Code\NewWorld\UEHOME\DeltaForce-UEDUMP\Include\FPGA\libs\vmmdll.h(1550,28): message : 默认构造函数或 copy/move 赋值运算符将忽略此成员
E:\Code\NewWorld\UEHOME\DeltaForce-UEDUMP\Include\FPGA\libs\vmmdll.h(1561,26): warning C4200: 使用了非标准扩展: 结构/联合中的零大小数组
E:\Code\NewWorld\UEHOME\DeltaForce-UEDUMP\Include\FPGA\libs\vmmdll.h(1561,26): message : 默认构造函数或 copy/move 赋值运算符将忽略此成员
E:\Code\NewWorld\UEHOME\DeltaForce-UEDUMP\Include\FPGA\libs\vmmdll.h(1570,25): warning C4200: 使用了非标准扩展: 结构/联合中的零大小数组
E:\Code\NewWorld\UEHOME\DeltaForce-UEDUMP\Include\FPGA\libs\vmmdll.h(1570,25): message : 默认构造函数或 copy/move 赋值运算符将忽略此成员
E:\Code\NewWorld\UEHOME\DeltaForce-UEDUMP\Include\FPGA\libs\vmmdll.h(1578,29): warning C4200: 使用了非标准扩展: 结构/联合中的零大小数组
E:\Code\NewWorld\UEHOME\DeltaForce-UEDUMP\Include\FPGA\libs\vmmdll.h(1578,29): message : 默认构造函数或 copy/move 赋值运算符将忽略此成员
E:\Code\NewWorld\UEHOME\DeltaForce-UEDUMP\Include\FPGA\libs\vmmdll.h(1587,26): warning C4200: 使用了非标准扩展: 结构/联合中的零大小数组
E:\Code\NewWorld\UEHOME\DeltaForce-UEDUMP\Include\FPGA\libs\vmmdll.h(1587,26): message : 默认构造函数或 copy/move 赋值运算符将忽略此成员
E:\Code\NewWorld\UEHOME\DeltaForce-UEDUMP\Include\FPGA\libs\vmmdll.h(1596,24): warning C4200: 使用了非标准扩展: 结构/联合中的零大小数组
E:\Code\NewWorld\UEHOME\DeltaForce-UEDUMP\Include\FPGA\libs\vmmdll.h(1596,24): message : 默认构造函数或 copy/move 赋值运算符将忽略此成员
E:\Code\NewWorld\UEHOME\DeltaForce-UEDUMP\Include\FPGA\libs\vmmdll.h(1605,29): warning C4200: 使用了非标准扩展: 结构/联合中的零大小数组
E:\Code\NewWorld\UEHOME\DeltaForce-UEDUMP\Include\FPGA\libs\vmmdll.h(1605,29): message : 默认构造函数或 copy/move 赋值运算符将忽略此成员
E:\Code\NewWorld\UEHOME\DeltaForce-UEDUMP\Include\FPGA\libs\vmmdll.h(2140,25): warning C4200: 使用了非标准扩展: 结构/联合中的零大小数组
E:\Code\NewWorld\UEHOME\DeltaForce-UEDUMP\Include\FPGA\libs\vmmdll.h(2140,25): message : 默认构造函数或 copy/move 赋值运算符将忽略此成员
E:\Code\NewWorld\UEHOME\DeltaForce-UEDUMP\Code\Core\GName.h(315,39): warning C4244: “初始化”: 从“UINT64”转换到“unsigned int”，可能丢失数据
E:\Code\NewWorld\UEHOME\DeltaForce-UEDUMP\Code\Core\GName.h(315,34): warning C4244: “初始化”: 从“UINT64”转换到“const unsigned int”，可能丢失数据
E:\Code\NewWorld\UEHOME\DeltaForce-UEDUMP\Code\Core\GName.h(316,51): warning C4244: “初始化”: 从“UINT64”转换到“unsigned int”，可能丢失数据
E:\Code\NewWorld\UEHOME\DeltaForce-UEDUMP\Code\Core\GName.h(316,33): warning C4244: “初始化”: 从“UINT64”转换到“const unsigned int”，可能丢失数据
E:\Code\NewWorld\UEHOME\DeltaForce-UEDUMP\Code\Core\GName.h(408,32): warning C4267: “参数”: 从“size_t”转换到“int”，可能丢失数据
E:\Code\NewWorld\UEHOME\DeltaForce-UEDUMP\Code\Core\GObject.h(54,11): warning C4477: “printf”: 格式字符串“%d”需要类型“int”的参数，但可变参数 1 拥有了类型“size_t”
E:\Code\NewWorld\UEHOME\DeltaForce-UEDUMP\Code\Core\GObject.h(54,11): message : 请考虑在格式字符串中使用“%zd”
E:\Code\NewWorld\UEHOME\DeltaForce-UEDUMP\Code\Core\GObject.h(73,12): warning C4477: “printf”: 格式字符串“%p”需要类型“void *”的参数，但可变参数 1 拥有了类型“T”
          with
          [
              T=UINT64
          ]
E:\Code\NewWorld\UEHOME\DeltaForce-UEDUMP\Code\Core\GObject.h(93,13): warning C4477: “printf”: 格式字符串“%d”需要类型“int”的参数，但可变参数 2 拥有了类型“size_t”
E:\Code\NewWorld\UEHOME\DeltaForce-UEDUMP\Code\Core\GObject.h(93,13): message : 请考虑在格式字符串中使用“%zd”
E:\Code\NewWorld\UEHOME\DeltaForce-UEDUMP\Code\Core\GObject.h(93,13): warning C4477: “printf”: 格式字符串“%d”需要类型“int”的参数，但可变参数 3 拥有了类型“UINT64”
E:\Code\NewWorld\UEHOME\DeltaForce-UEDUMP\Code\Core\GObject.h(93,13): message : 请考虑在格式字符串中使用“%lld”
E:\Code\NewWorld\UEHOME\DeltaForce-UEDUMP\Code\Core\GObject.h(93,13): message : 请考虑在格式字符串中使用“%Id”
E:\Code\NewWorld\UEHOME\DeltaForce-UEDUMP\Code\Core\GObject.h(93,13): message : 请考虑在格式字符串中使用“%I64d”
E:\Code\NewWorld\UEHOME\DeltaForce-UEDUMP\Code\Core\GObject.h(97,13): warning C4477: “printf”: 格式字符串“%d”需要类型“int”的参数，但可变参数 2 拥有了类型“size_t”
E:\Code\NewWorld\UEHOME\DeltaForce-UEDUMP\Code\Core\GObject.h(97,13): message : 请考虑在格式字符串中使用“%zd”
E:\Code\NewWorld\UEHOME\DeltaForce-UEDUMP\Code\Core\GObject.h(97,13): warning C4477: “printf”: 格式字符串“%d”需要类型“int”的参数，但可变参数 3 拥有了类型“UINT64”
E:\Code\NewWorld\UEHOME\DeltaForce-UEDUMP\Code\Core\GObject.h(97,13): message : 请考虑在格式字符串中使用“%lld”
E:\Code\NewWorld\UEHOME\DeltaForce-UEDUMP\Code\Core\GObject.h(97,13): message : 请考虑在格式字符串中使用“%Id”
E:\Code\NewWorld\UEHOME\DeltaForce-UEDUMP\Code\Core\GObject.h(97,13): message : 请考虑在格式字符串中使用“%I64d”
E:\Code\NewWorld\UEHOME\DeltaForce-UEDUMP\Code\Core\GObject.h(126,12): warning C4477: “printf”: 格式字符串“%d”需要类型“int”的参数，但可变参数 1 拥有了类型“unsigned __int64”
E:\Code\NewWorld\UEHOME\DeltaForce-UEDUMP\Code\Core\GObject.h(126,12): message : 请考虑在格式字符串中使用“%zd”
E:\Code\NewWorld\UEHOME\DeltaForce-UEDUMP\Code\Core\GObject.h(126,12): warning C4477: “printf”: 格式字符串“%d”需要类型“int”的参数，但可变参数 3 拥有了类型“unsigned __int64”
E:\Code\NewWorld\UEHOME\DeltaForce-UEDUMP\Code\Core\GObject.h(126,12): message : 请考虑在格式字符串中使用“%zd”
E:\Code\NewWorld\UEHOME\DeltaForce-UEDUMP\Code\Core\GObject.h(140,11): warning C4477: “printf”: 格式字符串“%d”需要类型“int”的参数，但可变参数 2 拥有了类型“unsigned __int64”
E:\Code\NewWorld\UEHOME\DeltaForce-UEDUMP\Code\Core\GObject.h(140,11): message : 请考虑在格式字符串中使用“%zd”
E:\Code\NewWorld\UEHOME\DeltaForce-UEDUMP\Code\Core\GObject.h(480,10): warning C4477: “printf”: 格式字符串“%d”需要类型“int”的参数，但可变参数 1 拥有了类型“UINT64”
E:\Code\NewWorld\UEHOME\DeltaForce-UEDUMP\Code\Core\GObject.h(480,10): message : 请考虑在格式字符串中使用“%lld”
E:\Code\NewWorld\UEHOME\DeltaForce-UEDUMP\Code\Core\GObject.h(480,10): message : 请考虑在格式字符串中使用“%Id”
E:\Code\NewWorld\UEHOME\DeltaForce-UEDUMP\Code\Core\GObject.h(480,10): message : 请考虑在格式字符串中使用“%I64d”
E:\Code\NewWorld\UEHOME\DeltaForce-UEDUMP\Code\Core\GObject.h(481,10): warning C4477: “printf”: 格式字符串“%d”需要类型“int”的参数，但可变参数 1 拥有了类型“UINT64”
E:\Code\NewWorld\UEHOME\DeltaForce-UEDUMP\Code\Core\GObject.h(481,10): message : 请考虑在格式字符串中使用“%lld”
E:\Code\NewWorld\UEHOME\DeltaForce-UEDUMP\Code\Core\GObject.h(481,10): message : 请考虑在格式字符串中使用“%Id”
E:\Code\NewWorld\UEHOME\DeltaForce-UEDUMP\Code\Core\GObject.h(481,10): message : 请考虑在格式字符串中使用“%I64d”
E:\Code\NewWorld\UEHOME\DeltaForce-UEDUMP\Code\Core\GObject.h(482,10): warning C4477: “printf”: 格式字符串“%d”需要类型“int”的参数，但可变参数 1 拥有了类型“UINT64”
E:\Code\NewWorld\UEHOME\DeltaForce-UEDUMP\Code\Core\GObject.h(482,10): message : 请考虑在格式字符串中使用“%lld”
E:\Code\NewWorld\UEHOME\DeltaForce-UEDUMP\Code\Core\GObject.h(482,10): message : 请考虑在格式字符串中使用“%Id”
E:\Code\NewWorld\UEHOME\DeltaForce-UEDUMP\Code\Core\GObject.h(482,10): message : 请考虑在格式字符串中使用“%I64d”
E:\Code\NewWorld\UEHOME\DeltaForce-UEDUMP\Code\Core\GObject.h(483,10): warning C4477: “printf”: 格式字符串“%d”需要类型“int”的参数，但可变参数 1 拥有了类型“UINT64”
E:\Code\NewWorld\UEHOME\DeltaForce-UEDUMP\Code\Core\GObject.h(483,10): message : 请考虑在格式字符串中使用“%lld”
E:\Code\NewWorld\UEHOME\DeltaForce-UEDUMP\Code\Core\GObject.h(483,10): message : 请考虑在格式字符串中使用“%Id”
E:\Code\NewWorld\UEHOME\DeltaForce-UEDUMP\Code\Core\GObject.h(483,10): message : 请考虑在格式字符串中使用“%I64d”
  正在生成代码
  5 of 3554 functions ( 0.1%) were compiled, the rest were copied from previous compilation.
    0 functions were new in current compilation
    7 functions had inline decision re-evaluated but remain unchanged
  已完成代码的生成
  UEDUMP.vcxproj -> E:\Code\NewWorld\UEHOME\DeltaForce-UEDUMP\x64\Release\UEDUMP.exe
  'pwsh.exe' 不是内部或外部命令，也不是可运行的程序
  或批处理文件。
